<?xml version="1.0" encoding="utf-8"?><testsuites name="pytest tests"><testsuite name="pytest" errors="0" failures="1" skipped="3" tests="49" time="11.125" timestamp="2026-05-29T01:52:21.398011+00:00" hostname="agent-env-dd72ceff-5178-4c27-b5b1-9cb79696e1ad"><testcase classname="backend.tests.test_cashclick_backend.TestHealthConfig" name="test_root" time="0.534" /><testcase classname="backend.tests.test_cashclick_backend.TestHealthConfig" name="test_config" time="0.038" /><testcase classname="backend.tests.test_cashclick_backend.TestHealthConfig" name="test_banners" time="0.042" /><testcase classname="backend.tests.test_cashclick_backend.TestAuth" name="test_check_username_invalid" time="0.076" /><testcase classname="backend.tests.test_cashclick_backend.TestAuth" name="test_check_username_available" time="0.072" /><testcase classname="backend.tests.test_cashclick_backend.TestAuth" name="test_register_and_me" time="0.200" /><testcase classname="backend.tests.test_cashclick_backend.TestAuth" name="test_duplicate_device" time="0.073" /><testcase classname="backend.tests.test_cashclick_backend.TestAuth" name="test_duplicate_username" time="0.071" /><testcase classname="backend.tests.test_cashclick_backend.TestGames" name="test_list_games" time="0.030" /><testcase classname="backend.tests.test_cashclick_backend.TestGames" name="test_play_flow_and_interstitial" time="0.396" /><testcase classname="backend.tests.test_cashclick_backend.TestGames" name="test_watch_rewarded_adds_chances" time="0.101" /><testcase classname="backend.tests.test_cashclick_backend.TestTasks" name="test_tasks_and_submit" time="0.071"><failure message="AssertionError: assert 2 &gt;= 3&#10; +  where 2 = len([{'created_at': '2026-05-28T05:00:15.821760+00:00', 'form_fields': [{'key': 'keyword', 'label': 'Keyword', 'type': 'text'}], 'id': '148ed676-9aac-4984-9faf-bdb18d9521ae', 'my_status': None, ...}, {'created_at': '2026-05-28T05:00:15.821755+00:00', 'form_fields': [{'key': 'email', 'label': 'Email used', 'type': 'text'}], 'id': '2c0f29fa-3d3c-4171-9d8b-5ba7b7e69eb6', 'my_status': None, ...}])">backend/tests/test_cashclick_backend.py:167: in test_tasks_and_submit
    assert len(tasks) &gt;= 3
E   AssertionError: assert 2 &gt;= 3
E    +  where 2 = len([{'created_at': '2026-05-28T05:00:15.821760+00:00', 'form_fields': [{'key': 'keyword', 'label': 'Keyword', 'type': 'text'}], 'id': '148ed676-9aac-4984-9faf-bdb18d9521ae', 'my_status': None, ...}, {'created_at': '2026-05-28T05:00:15.821755+00:00', 'form_fields': [{'key': 'email', 'label': 'Email used', 'type': 'text'}], 'id': '2c0f29fa-3d3c-4171-9d8b-5ba7b7e69eb6', 'my_status': None, ...}])</failure></testcase><testcase classname="backend.tests.test_cashclick_backend.TestCampaigns" name="test_campaigns_confirm" time="0.187" /><testcase classname="backend.tests.test_cashclick_backend.TestExplore" name="test_checkin" time="0.207" /><testcase classname="backend.tests.test_cashclick_backend.TestExplore" name="test_spin" time="0.215" /><testcase classname="backend.tests.test_cashclick_backend.TestExplore" name="test_scratch" time="0.219" /><testcase classname="backend.tests.test_cashclick_backend.TestExplore" name="test_visits" time="0.370" /><testcase classname="backend.tests.test_cashclick_backend.TestExplore" name="test_watch_30s_gap" time="0.215" /><testcase classname="backend.tests.test_cashclick_backend.TestExplore" name="test_surveys" time="0.180" /><testcase classname="backend.tests.test_cashclick_backend.TestExplore" name="test_quizzes" time="0.221" /><testcase classname="backend.tests.test_cashclick_backend.TestWallet" name="test_balance_and_transactions" time="0.143" /><testcase classname="backend.tests.test_cashclick_backend.TestWallet" name="test_withdraw_insufficient" time="0.074" /><testcase classname="backend.tests.test_cashclick_backend.TestWallet" name="test_withdraw_success" time="0.069"><skipped type="pytest.skip" message="Insufficient balance accumulated for withdraw test">/app/backend/tests/test_cashclick_backend.py:334: Insufficient balance accumulated for withdraw test</skipped></testcase><testcase classname="backend.tests.test_cashclick_backend.TestReferProfile" name="test_refer_info" time="0.072" /><testcase classname="backend.tests.test_cashclick_backend.TestReferProfile" name="test_quick_access" time="0.069" /><testcase classname="backend.tests.test_cashclick_backend.TestAdmin" name="test_login_invalid" time="0.067" /><testcase classname="backend.tests.test_cashclick_backend.TestAdmin" name="test_protected_requires_token" time="0.073" /><testcase classname="backend.tests.test_cashclick_backend.TestAdmin" name="test_dashboard" time="0.148" /><testcase classname="backend.tests.test_cashclick_backend.TestAdmin" name="test_task_submission_approve" time="0.068"><skipped type="pytest.skip" message="No pending submission to approve">/app/backend/tests/test_cashclick_backend.py:389: No pending submission to approve</skipped></testcase><testcase classname="backend.tests.test_cashclick_backend.TestAdmin" name="test_withdraw_action_rejected_refunds" time="0.072"><skipped type="pytest.skip" message="No pending withdrawal to reject">/app/backend/tests/test_cashclick_backend.py:407: No pending withdrawal to reject</skipped></testcase><testcase classname="backend.tests.test_cashclick_backend.TestAdmin" name="test_config_patch" time="0.222" /><testcase classname="backend.tests.test_cashclick_backend.TestAdmin" name="test_games_config_update" time="0.178" /><testcase classname="backend.tests.test_cashclick_backend.TestAdmin" name="test_banner_crud" time="0.139" /><testcase classname="backend.tests.test_cashclick_backend.TestAdmin" name="test_task_crud" time="0.144" /><testcase classname="backend.tests.test_cashclick_backend.TestAdmin" name="test_campaign_crud" time="0.148" /><testcase classname="backend.tests.test_cashclick_backend.TestAdmin" name="test_visit_crud" time="0.147" /><testcase classname="backend.tests.test_cashclick_backend.TestAdmin" name="test_quick_access_crud" time="0.208" /><testcase classname="backend.tests.test_cashclick_backend.TestGamesCatalog" name="test_games_count_and_ids" time="0.029" /><testcase classname="backend.tests.test_cashclick_backend.TestGamesCatalog" name="test_new_games_default_config" time="0.034" /><testcase classname="backend.tests.test_cashclick_backend.TestGameLeaderboard" name="test_leaderboard_today_shape" time="0.073" /><testcase classname="backend.tests.test_cashclick_backend.TestGameLeaderboard" name="test_leaderboard_all_period" time="0.148" /><testcase classname="backend.tests.test_cashclick_backend.TestGameLeaderboard" name="test_leaderboard_unknown_game_404" time="0.075" /><testcase classname="backend.tests.test_cashclick_backend.TestGameLeaderboard" name="test_leaderboard_includes_fresh_user_after_plays" time="0.375" /><testcase classname="backend.tests.test_cashclick_backend.TestNewGamePlayFlow" name="test_play_chances_and_interstitial_on_new_game" time="0.448" /><testcase classname="backend.tests.test_cashclick_backend.TestNewGamePlayFlow" name="test_watch_rewarded_cap_on_new_game" time="0.350" /><testcase classname="backend.tests.test_cashclick_backend.TestReferredByValidation" name="test_register_with_nonexistent_referrer_returns_400" time="0.073" /><testcase classname="backend.tests.test_cashclick_backend.TestReferredByValidation" name="test_register_with_valid_referrer_normalizes" time="0.194" /><testcase classname="backend.tests.test_cashclick_backend.TestWatchRewardedCap" name="test_three_refills_then_400" time="0.342" /><testcase classname="backend.tests.test_cashclick_backend.TestAdminDeductedStoresOriginalAmount" name="test_full_deduct_flow" time="3.231" /></testsuite></testsuites>